#
# There is insufficient memory for the Java Runtime Environment to continue.
# Native memory allocation (malloc) failed to allocate 2097152 bytes for AllocateHeap
# Possible reasons:
#   The system is out of physical RAM or swap space
#   The process is running with CompressedOops enabled, and the Java Heap may be blocking the growth of the native heap
# Possible solutions:
#   Reduce memory load on the system
#   Increase physical memory or swap space
#   Check if swap backing store is full
#   Decrease Java heap size (-Xmx/-Xms)
#   Decrease number of Java threads
#   Decrease Java thread stack sizes (-Xss)
#   Set larger code cache with -XX:ReservedCodeCacheSize=
#   JVM is running with Zero Based Compressed Oops mode in which the Java heap is
#     placed in the first 32GB address space. The Java Heap base address is the
#     maximum limit for the native heap growth. Please use -XX:HeapBaseMinAddress
#     to set the Java Heap base and to place the Java Heap above 32GB virtual address.
# This output file may be truncated or incomplete.
#
#  Out of Memory Error (allocation.cpp:44), pid=13160, tid=26932
#
# JRE version: OpenJDK Runtime Environment Temurin-17.0.3+7 (17.0.3+7) (build 17.0.3+7)
# Java VM: OpenJDK 64-Bit Server VM Temurin-17.0.3+7 (17.0.3+7, mixed mode, emulated-client, tiered, compressed oops, compressed class ptrs, g1 gc, windows-amd64)
# No core dump will be written. Minidumps are not enabled by default on client versions of Windows
#

---------------  S U M M A R Y ------------

Command Line: --add-modules=ALL-SYSTEM --add-exports=jdk.compiler/com.sun.tools.javac.file=ALL-UNNAMED --add-exports=jdk.compiler/com.sun.tools.javac.util=ALL-UNNAMED --add-exports=jdk.compiler/com.sun.tools.javac.comp=ALL-UNNAMED --add-exports=jdk.compiler/com.sun.tools.javac.main=ALL-UNNAMED --add-exports=jdk.compiler/com.sun.tools.javac.tree=ALL-UNNAMED --add-exports=jdk.compiler/com.sun.tools.javac.code=ALL-UNNAMED -Dsts.lsp.client=vscode -Dsts.log.file=/dev/null -XX:TieredStopAtLevel=1 -Dspring.config.location=file:c:\Users\86132\.vscode\extensions\pivotal.vscode-spring-boot-1.36.0\language-server\BOOT-INF\classes\application.properties org.springframework.ide.vscode.boot.app.BootLanguageServerBootApp

Host: AMD Ryzen 5 4600U with Radeon Graphics         , 12 cores, 15G,  Windows 10 , 64 bit Build 19041 (10.0.19041.1706)
Time: Sun Jun 26 10:01:19 2022  Windows 10 , 64 bit Build 19041 (10.0.19041.1706) elapsed time: 44278.609712 seconds (0d 12h 17m 58s)

---------------  T H R E A D  ---------------

Current thread (0x000001ceec039200):  VMThread "VM Thread" [stack: 0x00000005d1100000,0x00000005d1200000] [id=26932]

Stack: [0x00000005d1100000,0x00000005d1200000]
Native frames: (J=compiled Java code, j=interpreted, Vv=VM code, C=native code)
V  [jvm.dll+0x675efa]
V  [jvm.dll+0x830a24]
V  [jvm.dll+0x8321ce]
V  [jvm.dll+0x832833]
V  [jvm.dll+0x2454b5]
V  [jvm.dll+0xa6393]
V  [jvm.dll+0x2f5651]
V  [jvm.dll+0x2f12d0]
V  [jvm.dll+0x2d99b7]
V  [jvm.dll+0x31cac7]
V  [jvm.dll+0x836cdb]
V  [jvm.dll+0x837a14]
V  [jvm.dll+0x837f2c]
V  [jvm.dll+0x838304]
V  [jvm.dll+0x8383d0]
V  [jvm.dll+0x7e0cfa]
V  [jvm.dll+0x674d85]
C  [ucrtbase.dll+0x21bb2]
C  [KERNEL32.DLL+0x17034]
C  [ntdll.dll+0x52651]

VM_Operation (0x00000005d2cfefc0): G1CollectFull, mode: safepoint, requested by thread 0x000001ceed612760


---------------  P R O C E S S  ---------------

Threads class SMR info:
_java_thread_list=0x000001ceedb7d7a0, length=17, elements={
0x000001ceec05f380, 0x000001ceec05fc40, 0x000001ceec06f300, 0x000001ceec06fbc0,
0x000001ceec070480, 0x000001ceec072d50, 0x000001ceec073610, 0x000001ceec0b8430,
0x000001ceec2b06c0, 0x000001ceec305a20, 0x000001ceed612760, 0x000001ceed6094d0,
0x000001ced77de800, 0x000001ceed6775c0, 0x000001ceed672d90, 0x000001ceed6758e0,
0x000001ceed6770f0
}

Java Threads: ( => current thread )
  0x000001ceec05f380 JavaThread "Reference Handler" daemon [_thread_blocked, id=26924, stack(0x00000005d1200000,0x00000005d1300000)]
  0x000001ceec05fc40 JavaThread "Finalizer" daemon [_thread_blocked, id=26812, stack(0x00000005d1300000,0x00000005d1400000)]
  0x000001ceec06f300 JavaThread "Signal Dispatcher" daemon [_thread_blocked, id=24752, stack(0x00000005d1400000,0x00000005d1500000)]
  0x000001ceec06fbc0 JavaThread "Attach Listener" daemon [_thread_blocked, id=22336, stack(0x00000005d1500000,0x00000005d1600000)]
  0x000001ceec070480 JavaThread "Service Thread" daemon [_thread_blocked, id=8224, stack(0x00000005d1600000,0x00000005d1700000)]
  0x000001ceec072d50 JavaThread "Monitor Deflation Thread" daemon [_thread_blocked, id=20440, stack(0x00000005d1700000,0x00000005d1800000)]
  0x000001ceec073610 JavaThread "C1 CompilerThread0" daemon [_thread_blocked, id=23784, stack(0x00000005d1800000,0x00000005d1900000)]
  0x000001ceec0b8430 JavaThread "Sweeper thread" daemon [_thread_blocked, id=27124, stack(0x00000005d1900000,0x00000005d1a00000)]
  0x000001ceec2b06c0 JavaThread "Common-Cleaner" daemon [_thread_blocked, id=5372, stack(0x00000005d1b00000,0x00000005d1c00000)]
  0x000001ceec305a20 JavaThread "Notification Thread" daemon [_thread_blocked, id=25576, stack(0x00000005d1d00000,0x00000005d1e00000)]
  0x000001ceed612760 JavaThread "pool-7-thread-1" [_thread_blocked, id=27656, stack(0x00000005d2c00000,0x00000005d2d00000)]
  0x000001ceed6094d0 JavaThread "LanguageServerApp-lifecycle" [_thread_blocked, id=23764, stack(0x00000005d2d00000,0x00000005d2e00000)]
  0x000001ced77de800 JavaThread "DestroyJavaVM" [_thread_blocked, id=25164, stack(0x00000005d0b00000,0x00000005d0c00000)]
  0x000001ceed6775c0 JavaThread "pool-8-thread-1" [_thread_in_native, id=27972, stack(0x00000005d4100000,0x00000005d4200000)]
  0x000001ceed672d90 JavaThread "Simple-Language-Server main thread" daemon [_thread_blocked, id=24256, stack(0x00000005d4200000,0x00000005d4300000)]
  0x000001ceed6758e0 JavaThread "parallel-1" daemon [_thread_blocked, id=24112, stack(0x00000005d4300000,0x00000005d4400000)]
  0x000001ceed6770f0 JavaThread "pool-3-thread-1" [_thread_blocked, id=28472, stack(0x00000005d4400000,0x00000005d4500000)]

Other Threads:
=>0x000001ceec039200 VMThread "VM Thread" [stack: 0x00000005d1100000,0x00000005d1200000] [id=26932]
  0x000001ceec306f00 WatcherThread [stack: 0x00000005d1e00000,0x00000005d1f00000] [id=11336]
  0x000001ced9849f90 GCTaskThread "GC Thread#0" [stack: 0x00000005d0c00000,0x00000005d0d00000] [id=5972]
  0x000001ceecc5c940 GCTaskThread "GC Thread#1" [stack: 0x00000005d2000000,0x00000005d2100000] [id=12868]
  0x000001ceecc5cbf0 GCTaskThread "GC Thread#2" [stack: 0x00000005d2100000,0x00000005d2200000] [id=24628]
  0x000001ceecc5cea0 GCTaskThread "GC Thread#3" [stack: 0x00000005d2200000,0x00000005d2300000] [id=11924]
  0x000001ceecc5d550 GCTaskThread "GC Thread#4" [stack: 0x00000005d2300000,0x00000005d2400000] [id=7812]
  0x000001ceeccfe150 GCTaskThread "GC Thread#5" [stack: 0x00000005d2400000,0x00000005d2500000] [id=20904]
  0x000001ceecf00e10 GCTaskThread "GC Thread#6" [stack: 0x00000005d2600000,0x00000005d2700000] [id=25432]
  0x000001ceecf028e0 GCTaskThread "GC Thread#7" [stack: 0x00000005d2700000,0x00000005d2800000] [id=16616]
  0x000001ceecf02b90 GCTaskThread "GC Thread#8" [stack: 0x00000005d2800000,0x00000005d2900000] [id=18352]
  0x000001ceecf03650 GCTaskThread "GC Thread#9" [stack: 0x00000005d2900000,0x00000005d2a00000] [id=5844]
  0x000001ced985a3e0 ConcurrentGCThread "G1 Main Marker" [stack: 0x00000005d0d00000,0x00000005d0e00000] [id=27588]
  0x000001ced985ad00 ConcurrentGCThread "G1 Conc#0" [stack: 0x00000005d0e00000,0x00000005d0f00000] [id=5252]
  0x000001ceecfdd510 ConcurrentGCThread "G1 Conc#1" [stack: 0x00000005d2a00000,0x00000005d2b00000] [id=19764]
  0x000001ceecfe2840 ConcurrentGCThread "G1 Conc#2" [stack: 0x00000005d2b00000,0x00000005d2c00000] [id=27292]
  0x000001ceeb57e230 ConcurrentGCThread "G1 Refine#0" [stack: 0x00000005d0f00000,0x00000005d1000000] [id=28116]
  0x000001cef006c040 ConcurrentGCThread "G1 Refine#1" [stack: 0x00000005d4500000,0x00000005d4600000] [id=17668]
  0x000001ceeffd0420 ConcurrentGCThread "G1 Refine#2" [stack: 0x00000005d4600000,0x00000005d4700000] [id=25584]
  0x000001ceed65d090 ConcurrentGCThread "G1 Refine#3" [stack: 0x00000005d1f00000,0x00000005d2000000] [id=14108]
  0x000001ceeb57f910 ConcurrentGCThread "G1 Service" [stack: 0x00000005d1000000,0x00000005d1100000] [id=28176]

Threads with active compile tasks:

VM state: at safepoint (normal execution)

VM Mutex/Monitor currently owned by a thread:  ([mutex/lock_event])
[0x000001ced770c700] Threads_lock - owner thread: 0x000001ceec039200
[0x000001ced97d9240] Heap_lock - owner thread: 0x000001ceed612760

Heap address: 0x000000070a000000, size: 3936 MB, Compressed Oops mode: Zero based, Oop shift amount: 3

CDS archive(s) not mapped
Compressed class space mapped at: 0x0000000800000000-0x0000000840000000, reserved size: 1073741824
Narrow klass base: 0x0000000800000000, Narrow klass shift: 0, Narrow klass range: 0x40000000

GC Precious Log:
 CPUs: 12 total, 12 available
 Memory: 15741M
 Large Page Support: Disabled
 NUMA Support: Disabled
 Compressed Oops: Enabled (Zero based)
 Heap Region Size: 2M
 Heap Min Capacity: 8M
 Heap Initial Capacity: 246M
 Heap Max Capacity: 3936M
 Pre-touch: Disabled
 Parallel Workers: 10
 Concurrent Workers: 3
 Concurrent Refinement Workers: 10
 Periodic GC: Disabled

Heap:
 garbage-first heap   total 75776K, used 20657K [0x000000070a000000, 0x0000000800000000)
  region size 2048K, 1 young (2048K), 0 survivors (0K)
 Metaspace       used 43255K, committed 43776K, reserved 1089536K
  class space    used 5790K, committed 6016K, reserved 1048576K

Heap Regions: E=young(eden), S=young(survivor), O=old, HS=humongous(starts), HC=humongous(continues), CS=collection set, F=free, OA=open archive, CA=closed archive, TAMS=top-at-mark-start (previous, next)
|   0|0x000000070a000000, 0x000000070a200000, 0x000000070a200000|100%| O|  |TAMS 0x000000070a200000, 0x000000070a000000| Untracked 
|   1|0x000000070a200000, 0x000000070a3fffe8, 0x000000070a400000| 99%| O|  |TAMS 0x000000070a3fffe8, 0x000000070a200000| Untracked 
|   2|0x000000070a400000, 0x000000070a600000, 0x000000070a600000|100%| O|  |TAMS 0x000000070a600000, 0x000000070a400000| Untracked 
|   3|0x000000070a600000, 0x000000070a7fffe0, 0x000000070a800000| 99%| O|  |TAMS 0x000000070a7fffe0, 0x000000070a600000| Untracked 
|   4|0x000000070a800000, 0x000000070a9ffff0, 0x000000070aa00000| 99%| O|  |TAMS 0x000000070a9ffff0, 0x000000070a800000| Untracked 
|   5|0x000000070aa00000, 0x000000070ac00000, 0x000000070ac00000|100%| O|  |TAMS 0x000000070ac00000, 0x000000070aa00000| Untracked 
|   6|0x000000070ac00000, 0x000000070adffff0, 0x000000070ae00000| 99%| O|  |TAMS 0x000000070adffff0, 0x000000070ac00000| Untracked 
|   7|0x000000070ae00000, 0x000000070affcd88, 0x000000070b000000| 99%| O|  |TAMS 0x000000070affcd88, 0x000000070ae00000| Untracked 
|   8|0x000000070b000000, 0x000000070b02f7f8, 0x000000070b200000|  9%| O|  |TAMS 0x000000070b000000, 0x000000070b000000| Untracked 
|   9|0x000000070b200000, 0x000000070b3fffe0, 0x000000070b400000| 99%| O|  |TAMS 0x000000070b3fffe0, 0x000000070b200000| Untracked 
|  10|0x000000070b400000, 0x000000070b400048, 0x000000070b600000|  0%| O|  |TAMS 0x000000070b400000, 0x000000070b400000| Untracked 
|  11|0x000000070b600000, 0x000000070b600000, 0x000000070b800000|  0%| F|  |TAMS 0x000000070b600000, 0x000000070b600000| Untracked 
|  12|0x000000070b800000, 0x000000070ba00000, 0x000000070ba00000|100%|HS|  |TAMS 0x000000070ba00000, 0x000000070b800000| Untracked 
|  13|0x000000070ba00000, 0x000000070ba00000, 0x000000070bc00000|  0%| F|  |TAMS 0x000000070ba00000, 0x000000070ba00000| Untracked 
|  14|0x000000070bc00000, 0x000000070bc00000, 0x000000070be00000|  0%| F|  |TAMS 0x000000070bc00000, 0x000000070bc00000| Untracked 
|  15|0x000000070be00000, 0x000000070be00000, 0x000000070c000000|  0%| F|  |TAMS 0x000000070be00000, 0x000000070be00000| Untracked 
|  16|0x000000070c000000, 0x000000070c000000, 0x000000070c200000|  0%| F|  |TAMS 0x000000070c000000, 0x000000070c000000| Untracked 
|  17|0x000000070c200000, 0x000000070c200000, 0x000000070c400000|  0%| F|  |TAMS 0x000000070c200000, 0x000000070c200000| Untracked 
|  18|0x000000070c400000, 0x000000070c400000, 0x000000070c600000|  0%| F|  |TAMS 0x000000070c400000, 0x000000070c400000| Untracked 
|  19|0x000000070c600000, 0x000000070c600000, 0x000000070c800000|  0%| F|  |TAMS 0x000000070c600000, 0x000000070c600000| Untracked 
|  20|0x000000070c800000, 0x000000070c800000, 0x000000070ca00000|  0%| F|  |TAMS 0x000000070c800000, 0x000000070c800000| Untracked 
|  21|0x000000070ca00000, 0x000000070ca00000, 0x000000070cc00000|  0%| F|  |TAMS 0x000000070ca00000, 0x000000070ca00000| Untracked 
|  22|0x000000070cc00000, 0x000000070cc00000, 0x000000070ce00000|  0%| F|  |TAMS 0x000000070cc00000, 0x000000070cc00000| Untracked 
|  23|0x000000070ce00000, 0x000000070ce00000, 0x000000070d000000|  0%| F|  |TAMS 0x000000070ce00000, 0x000000070ce00000| Untracked 
|  24|0x000000070d000000, 0x000000070d000000, 0x000000070d200000|  0%| F|  |TAMS 0x000000070d000000, 0x000000070d000000| Untracked 
|  25|0x000000070d200000, 0x000000070d200000, 0x000000070d400000|  0%| F|  |TAMS 0x000000070d200000, 0x000000070d200000| Untracked 
|  26|0x000000070d400000, 0x000000070d400000, 0x000000070d600000|  0%| F|  |TAMS 0x000000070d400000, 0x000000070d400000| Untracked 
|  27|0x000000070d600000, 0x000000070d600000, 0x000000070d800000|  0%| F|  |TAMS 0x000000070d600000, 0x000000070d600000| Untracked 
|  28|0x000000070d800000, 0x000000070d800000, 0x000000070da00000|  0%| F|  |TAMS 0x000000070d800000, 0x000000070d800000| Untracked 
|  29|0x000000070da00000, 0x000000070da00000, 0x000000070dc00000|  0%| F|  |TAMS 0x000000070da00000, 0x000000070da00000| Untracked 
|  30|0x000000070dc00000, 0x000000070dc00000, 0x000000070de00000|  0%| F|  |TAMS 0x000000070dc00000, 0x000000070dc00000| Untracked 
|  31|0x000000070de00000, 0x000000070de00000, 0x000000070e000000|  0%| F|  |TAMS 0x000000070de00000, 0x000000070de00000| Untracked 
|  32|0x000000070e000000, 0x000000070e000000, 0x000000070e200000|  0%| F|  |TAMS 0x000000070e000000, 0x000000070e000000| Untracked 
|  33|0x000000070e200000, 0x000000070e200000, 0x000000070e400000|  0%| F|  |TAMS 0x000000070e200000, 0x000000070e200000| Untracked 
|  34|0x000000070e400000, 0x000000070e400000, 0x000000070e600000|  0%| F|  |TAMS 0x000000070e400000, 0x000000070e400000| Untracked 
|  35|0x000000070e600000, 0x000000070e600000, 0x000000070e800000|  0%| F|  |TAMS 0x000000070e600000, 0x000000070e600000| Untracked 
|  36|0x000000070e800000, 0x000000070e80e578, 0x000000070ea00000|  2%| E|  |TAMS 0x000000070e800000, 0x000000070e800000| Complete 

Card table byte_map: [0x000001cedff40000,0x000001cee06f0000] _byte_map_base: 0x000001cedc6f0000

Marking Bits (Prev, Next): (CMBitMap*) 0x000001ced984a4f0, (CMBitMap*) 0x000001ced984a4b0
 Prev Bits: [0x000001cee4c20000, 0x000001cee89a0000)
 Next Bits: [0x000001cee0ea0000, 0x000001cee4c20000)

Polling page: 0x000001ced7980000

Metaspace:

Usage:
  Non-class:     36.59 MB used.
      Class:      5.66 MB used.
       Both:     42.24 MB used.

Virtual space:
  Non-class space:       40.00 MB reserved,      36.88 MB ( 92%) committed,  5 nodes.
      Class space:        1.00 GB reserved,       5.88 MB ( <1%) committed,  1 nodes.
             Both:        1.04 GB reserved,      42.75 MB (  4%) committed. 

Chunk freelists:
   Non-Class:  2.77 MB
       Class:  2.15 MB
        Both:  4.92 MB

MaxMetaspaceSize: unlimited
CompressedClassSpaceSize: 1.00 GB
Initial GC threshold: 21.00 MB
Current GC threshold: 71.25 MB
CDS: off
MetaspaceReclaimPolicy: balanced
 - commit_granule_bytes: 65536.
 - commit_granule_words: 8192.
 - virtual_space_node_default_size: 1048576.
 - enlarge_chunks_in_place: 1.
 - new_chunks_are_fully_committed: 0.
 - uncommit_free_chunks: 1.
 - use_allocation_guard: 0.
 - handle_deallocations: 1.


Internal statistics:

num_allocs_failed_limit: 6.
num_arena_births: 400.
num_arena_deaths: 108.
num_vsnodes_births: 6.
num_vsnodes_deaths: 0.
num_space_committed: 684.
num_space_uncommitted: 0.
num_chunks_returned_to_freelist: 124.
num_chunks_taken_from_freelist: 1699.
num_chunk_merges: 43.
num_chunk_splits: 1214.
num_chunks_enlarged: 953.
num_purges: 4.
num_inconsistent_stats: 0.

CodeCache: size=49152Kb used=10397Kb max_used=11859Kb free=38754Kb
 bounds [0x000001cedc460000, 0x000001cedd000000, 0x000001cedf460000]
 total_blobs=6005 nmethods=5440 adapters=492
 compilation: enabled
              stopped_count=0, restarted_count=0
 full_count=0

Compilation events (20 events):
Event: 2647.762 Thread 0x000001ceec073610 5429       1       java.lang.ProcessImpl$2::<init> (20 bytes)
Event: 2647.762 Thread 0x000001ceec073610 nmethod 5429 0x000001cedc5c7810 code [0x000001cedc5c79a0, 0x000001cedc5c7b18]
Event: 2647.936 Thread 0x000001ceec073610 5430   !   1       java.io.FilterOutputStream::close (183 bytes)
Event: 2647.954 Thread 0x000001ceec073610 nmethod 5430 0x000001cedc5c6690 code [0x000001cedc5c68a0, 0x000001cedc5c6d98]
Event: 2647.954 Thread 0x000001ceec073610 5431   !   1       java.io.FileOutputStream::close (69 bytes)
Event: 2647.955 Thread 0x000001ceec073610 nmethod 5431 0x000001cedc5c6010 code [0x000001cedc5c61e0, 0x000001cedc5c6558]
Event: 2647.955 Thread 0x000001ceec073610 5432       1       java.io.FileOutputStream$1::<init> (10 bytes)
Event: 2647.955 Thread 0x000001ceec073610 nmethod 5432 0x000001cedc5c5d10 code [0x000001cedc5c5ea0, 0x000001cedc5c5fb8]
Event: 2647.955 Thread 0x000001ceec073610 5433       1       java.io.FileOutputStream$1::close (11 bytes)
Event: 2647.955 Thread 0x000001ceec073610 nmethod 5433 0x000001cedc5c5690 code [0x000001cedc5c5840, 0x000001cedc5c5b58]
Event: 2647.955 Thread 0x000001ceec073610 5435       1       java.lang.ProcessImpl$$Lambda$551/0x000000080027ef48::run (8 bytes)
Event: 2647.955 Thread 0x000001ceec073610 nmethod 5435 0x000001cedc5c5390 code [0x000001cedc5c5520, 0x000001cedc5c5608]
Event: 2647.955 Thread 0x000001ceec073610 5436       1       java.lang.ProcessImpl::lambda$new$0 (6 bytes)
Event: 2647.955 Thread 0x000001ceec073610 nmethod 5436 0x000001cedc5c5090 code [0x000001cedc5c5220, 0x000001cedc5c52e8]
Event: 3955.087 Thread 0x000001ceec073610 5438       1       java.lang.ProcessImpl$2::run (242 bytes)
Event: 3955.087 Thread 0x000001ceec073610 nmethod 5438 0x000001cedc5c3590 code [0x000001cedc5c3840, 0x000001cedc5c4698]
Event: 3955.087 Thread 0x000001ceec073610 5439       1       java.io.BufferedOutputStream::<init> (9 bytes)
Event: 3955.087 Thread 0x000001ceec073610 nmethod 5439 0x000001cedc5c3010 code [0x000001cedc5c31a0, 0x000001cedc5c3498]
Event: 3955.088 Thread 0x000001ceec073610 5440       1       java.lang.ProcessImpl::waitFor (136 bytes)
Event: 3955.088 Thread 0x000001ceec073610 nmethod 5440 0x000001cedc5c2790 code [0x000001cedc5c29a0, 0x000001cedc5c2db8]

GC Heap History (20 events):
Event: 44176.564 GC heap before
{Heap before GC invocations=1163 (full 1139):
 garbage-first heap   total 75776K, used 20657K [0x000000070a000000, 0x0000000800000000)
  region size 2048K, 1 young (2048K), 0 survivors (0K)
 Metaspace       used 43255K, committed 43776K, reserved 1089536K
  class space    used 5790K, committed 6016K, reserved 1048576K
}
Event: 44176.582 GC heap after
{Heap after GC invocations=1164 (full 1140):
 garbage-first heap   total 75776K, used 20657K [0x000000070a000000, 0x0000000800000000)
  region size 2048K, 0 young (0K), 0 survivors (0K)
 Metaspace       used 43255K, committed 43776K, reserved 1089536K
  class space    used 5790K, committed 6016K, reserved 1048576K
}
Event: 44186.764 GC heap before
{Heap before GC invocations=1164 (full 1140):
 garbage-first heap   total 75776K, used 20657K [0x000000070a000000, 0x0000000800000000)
  region size 2048K, 1 young (2048K), 0 survivors (0K)
 Metaspace       used 43255K, committed 43776K, reserved 1089536K
  class space    used 5790K, committed 6016K, reserved 1048576K
}
Event: 44186.782 GC heap after
{Heap after GC invocations=1165 (full 1141):
 garbage-first heap   total 75776K, used 20657K [0x000000070a000000, 0x0000000800000000)
  region size 2048K, 0 young (0K), 0 survivors (0K)
 Metaspace       used 43255K, committed 43776K, reserved 1089536K
  class space    used 5790K, committed 6016K, reserved 1048576K
}
Event: 44196.981 GC heap before
{Heap before GC invocations=1165 (full 1141):
 garbage-first heap   total 75776K, used 20657K [0x000000070a000000, 0x0000000800000000)
  region size 2048K, 1 young (2048K), 0 survivors (0K)
 Metaspace       used 43255K, committed 43776K, reserved 1089536K
  class space    used 5790K, committed 6016K, reserved 1048576K
}
Event: 44196.998 GC heap after
{Heap after GC invocations=1166 (full 1142):
 garbage-first heap   total 75776K, used 20657K [0x000000070a000000, 0x0000000800000000)
  region size 2048K, 0 young (0K), 0 survivors (0K)
 Metaspace       used 43255K, committed 43776K, reserved 1089536K
  class space    used 5790K, committed 6016K, reserved 1048576K
}
Event: 44207.181 GC heap before
{Heap before GC invocations=1166 (full 1142):
 garbage-first heap   total 75776K, used 20657K [0x000000070a000000, 0x0000000800000000)
  region size 2048K, 1 young (2048K), 0 survivors (0K)
 Metaspace       used 43255K, committed 43776K, reserved 1089536K
  class space    used 5790K, committed 6016K, reserved 1048576K
}
Event: 44207.201 GC heap after
{Heap after GC invocations=1167 (full 1143):
 garbage-first heap   total 75776K, used 20657K [0x000000070a000000, 0x0000000800000000)
  region size 2048K, 0 young (0K), 0 survivors (0K)
 Metaspace       used 43255K, committed 43776K, reserved 1089536K
  class space    used 5790K, committed 6016K, reserved 1048576K
}
Event: 44217.391 GC heap before
{Heap before GC invocations=1167 (full 1143):
 garbage-first heap   total 75776K, used 20657K [0x000000070a000000, 0x0000000800000000)
  region size 2048K, 1 young (2048K), 0 survivors (0K)
 Metaspace       used 43255K, committed 43776K, reserved 1089536K
  class space    used 5790K, committed 6016K, reserved 1048576K
}
Event: 44217.408 GC heap after
{Heap after GC invocations=1168 (full 1144):
 garbage-first heap   total 75776K, used 20657K [0x000000070a000000, 0x0000000800000000)
  region size 2048K, 0 young (0K), 0 survivors (0K)
 Metaspace       used 43255K, committed 43776K, reserved 1089536K
  class space    used 5790K, committed 6016K, reserved 1048576K
}
Event: 44227.594 GC heap before
{Heap before GC invocations=1168 (full 1144):
 garbage-first heap   total 75776K, used 20657K [0x000000070a000000, 0x0000000800000000)
  region size 2048K, 1 young (2048K), 0 survivors (0K)
 Metaspace       used 43255K, committed 43776K, reserved 1089536K
  class space    used 5790K, committed 6016K, reserved 1048576K
}
Event: 44227.612 GC heap after
{Heap after GC invocations=1169 (full 1145):
 garbage-first heap   total 75776K, used 20657K [0x000000070a000000, 0x0000000800000000)
  region size 2048K, 0 young (0K), 0 survivors (0K)
 Metaspace       used 43255K, committed 43776K, reserved 1089536K
  class space    used 5790K, committed 6016K, reserved 1048576K
}
Event: 44237.796 GC heap before
{Heap before GC invocations=1169 (full 1145):
 garbage-first heap   total 75776K, used 20657K [0x000000070a000000, 0x0000000800000000)
  region size 2048K, 1 young (2048K), 0 survivors (0K)
 Metaspace       used 43255K, committed 43776K, reserved 1089536K
  class space    used 5790K, committed 6016K, reserved 1048576K
}
Event: 44237.815 GC heap after
{Heap after GC invocations=1170 (full 1146):
 garbage-first heap   total 75776K, used 20657K [0x000000070a000000, 0x0000000800000000)
  region size 2048K, 0 young (0K), 0 survivors (0K)
 Metaspace       used 43255K, committed 43776K, reserved 1089536K
  class space    used 5790K, committed 6016K, reserved 1048576K
}
Event: 44247.978 GC heap before
{Heap before GC invocations=1170 (full 1146):
 garbage-first heap   total 75776K, used 20657K [0x000000070a000000, 0x0000000800000000)
  region size 2048K, 1 young (2048K), 0 survivors (0K)
 Metaspace       used 43255K, committed 43776K, reserved 1089536K
  class space    used 5790K, committed 6016K, reserved 1048576K
}
Event: 44247.996 GC heap after
{Heap after GC invocations=1171 (full 1147):
 garbage-first heap   total 75776K, used 20657K [0x000000070a000000, 0x0000000800000000)
  region size 2048K, 0 young (0K), 0 survivors (0K)
 Metaspace       used 43255K, committed 43776K, reserved 1089536K
  class space    used 5790K, committed 6016K, reserved 1048576K
}
Event: 44258.184 GC heap before
{Heap before GC invocations=1171 (full 1147):
 garbage-first heap   total 75776K, used 20657K [0x000000070a000000, 0x0000000800000000)
  region size 2048K, 1 young (2048K), 0 survivors (0K)
 Metaspace       used 43255K, committed 43776K, reserved 1089536K
  class space    used 5790K, committed 6016K, reserved 1048576K
}
Event: 44258.203 GC heap after
{Heap after GC invocations=1172 (full 1148):
 garbage-first heap   total 75776K, used 20657K [0x000000070a000000, 0x0000000800000000)
  region size 2048K, 0 young (0K), 0 survivors (0K)
 Metaspace       used 43255K, committed 43776K, reserved 1089536K
  class space    used 5790K, committed 6016K, reserved 1048576K
}
Event: 44268.391 GC heap before
{Heap before GC invocations=1172 (full 1148):
 garbage-first heap   total 75776K, used 20657K [0x000000070a000000, 0x0000000800000000)
  region size 2048K, 1 young (2048K), 0 survivors (0K)
 Metaspace       used 43255K, committed 43776K, reserved 1089536K
  class space    used 5790K, committed 6016K, reserved 1048576K
}
Event: 44268.409 GC heap after
{Heap after GC invocations=1173 (full 1149):
 garbage-first heap   total 75776K, used 20657K [0x000000070a000000, 0x0000000800000000)
  region size 2048K, 0 young (0K), 0 survivors (0K)
 Metaspace       used 43255K, committed 43776K, reserved 1089536K
  class space    used 5790K, committed 6016K, reserved 1048576K
}

Deoptimization events (20 events):
Event: 2.344 Thread 0x000001ced77de800 DEOPT PACKING pc=0x000001cedca7c581 sp=0x00000005d0bfcdf0
Event: 2.344 Thread 0x000001ced77de800 DEOPT UNPACKING pc=0x000001cedc4b2b43 sp=0x00000005d0bfc260 mode 3
Event: 2.459 Thread 0x000001ced77de800 DEOPT PACKING pc=0x000001cedcac4e55 sp=0x00000005d0bfb3c0
Event: 2.459 Thread 0x000001ced77de800 DEOPT UNPACKING pc=0x000001cedc4b2b43 sp=0x00000005d0bfa8d8 mode 3
Event: 3.028 Thread 0x000001ced77de800 DEOPT PACKING pc=0x000001cedcb2e579 sp=0x00000005d0bfc8b0
Event: 3.028 Thread 0x000001ced77de800 DEOPT UNPACKING pc=0x000001cedc4b2b43 sp=0x00000005d0bfbd90 mode 3
Event: 3.135 Thread 0x000001ceed4bce40 DEOPT PACKING pc=0x000001cedcb85e93 sp=0x00000005d25fe2c0
Event: 3.135 Thread 0x000001ceed4bce40 DEOPT UNPACKING pc=0x000001cedc4b2b43 sp=0x00000005d25fd808 mode 3
Event: 3.397 Thread 0x000001ceed4ada40 DEOPT PACKING pc=0x000001cedc9b4c89 sp=0x00000005d3cfeac0
Event: 3.397 Thread 0x000001ceed4ada40 DEOPT UNPACKING pc=0x000001cedc4b2b43 sp=0x00000005d3cfdf50 mode 3
Event: 3.397 Thread 0x000001ceed4ad570 DEOPT PACKING pc=0x000001cedc9af71f sp=0x00000005d3bfee30
Event: 3.397 Thread 0x000001ceed4ad570 DEOPT UNPACKING pc=0x000001cedc4b2b43 sp=0x00000005d3bfe288 mode 3
Event: 3.509 Thread 0x000001ceed672d90 DEOPT PACKING pc=0x000001cedccc4ced sp=0x00000005d42fd880
Event: 3.509 Thread 0x000001ceed672d90 DEOPT UNPACKING pc=0x000001cedc4b2b43 sp=0x00000005d42fcda8 mode 3
Event: 3.700 Thread 0x000001ceed672d90 DEOPT PACKING pc=0x000001cedcaf383c sp=0x00000005d42f86e0
Event: 3.701 Thread 0x000001ceed672d90 DEOPT UNPACKING pc=0x000001cedc4b2b43 sp=0x00000005d42f7b60 mode 3
Event: 6.331 Thread 0x000001ceed4bce40 DEOPT PACKING pc=0x000001cedc997362 sp=0x00000005d25fc8d0
Event: 6.331 Thread 0x000001ceed4bce40 DEOPT UNPACKING pc=0x000001cedc4b2b43 sp=0x00000005d25fbdd8 mode 3
Event: 6.513 Thread 0x000001ceed4bce40 DEOPT PACKING pc=0x000001cedcf6c59c sp=0x00000005d25fe000
Event: 6.513 Thread 0x000001ceed4bce40 DEOPT UNPACKING pc=0x000001cedc4b2b43 sp=0x00000005d25fd490 mode 0

Classes unloaded (20 events):
Event: 84.322 Thread 0x000001ceec039200 Unloading class 0x0000000800342000 'java/lang/invoke/LambdaForm$MH+0x0000000800342000'
Event: 84.322 Thread 0x000001ceec039200 Unloading class 0x0000000800341c00 'java/lang/invoke/LambdaForm$MH+0x0000000800341c00'
Event: 84.322 Thread 0x000001ceec039200 Unloading class 0x0000000800341800 'java/lang/invoke/LambdaForm$MH+0x0000000800341800'
Event: 84.322 Thread 0x000001ceec039200 Unloading class 0x0000000800341400 'java/lang/invoke/LambdaForm$MH+0x0000000800341400'
Event: 84.322 Thread 0x000001ceec039200 Unloading class 0x0000000800340c00 'java/lang/invoke/LambdaForm$DMH+0x0000000800340c00'
Event: 84.322 Thread 0x000001ceec039200 Unloading class 0x0000000800340400 'java/lang/invoke/LambdaForm$DMH+0x0000000800340400'
Event: 84.322 Thread 0x000001ceec039200 Unloading class 0x00000008001a3400 'java/lang/invoke/LambdaForm$MH+0x00000008001a3400'
Event: 84.322 Thread 0x000001ceec039200 Unloading class 0x00000008001a3000 'java/lang/invoke/LambdaForm$MH+0x00000008001a3000'
Event: 84.322 Thread 0x000001ceec039200 Unloading class 0x00000008001a2c00 'java/lang/invoke/LambdaForm$MH+0x00000008001a2c00'
Event: 84.322 Thread 0x000001ceec039200 Unloading class 0x00000008001a2800 'java/lang/invoke/LambdaForm$MH+0x00000008001a2800'
Event: 84.322 Thread 0x000001ceec039200 Unloading class 0x00000008001a2400 'java/lang/invoke/LambdaForm$MH+0x00000008001a2400'
Event: 84.322 Thread 0x000001ceec039200 Unloading class 0x00000008001a1c00 'java/lang/invoke/LambdaForm$MH+0x00000008001a1c00'
Event: 84.322 Thread 0x000001ceec039200 Unloading class 0x00000008000d6800 'java/lang/invoke/LambdaForm$MH+0x00000008000d6800'
Event: 84.322 Thread 0x000001ceec039200 Unloading class 0x00000008000d6000 'java/lang/invoke/LambdaForm$MH+0x00000008000d6000'
Event: 84.322 Thread 0x000001ceec039200 Unloading class 0x00000008000d5c00 'java/lang/invoke/LambdaForm$MH+0x00000008000d5c00'
Event: 84.322 Thread 0x000001ceec039200 Unloading class 0x00000008000d5800 'java/lang/invoke/LambdaForm$MH+0x00000008000d5800'
Event: 84.322 Thread 0x000001ceec039200 Unloading class 0x00000008000d5000 'java/lang/invoke/LambdaForm$MH+0x00000008000d5000'
Event: 84.322 Thread 0x000001ceec039200 Unloading class 0x00000008000d4c00 'java/lang/invoke/LambdaForm$MH+0x00000008000d4c00'
Event: 84.322 Thread 0x000001ceec039200 Unloading class 0x00000008000d4800 'java/lang/invoke/LambdaForm$MH+0x00000008000d4800'
Event: 84.322 Thread 0x000001ceec039200 Unloading class 0x00000008000d4000 'java/lang/invoke/LambdaForm$MH+0x00000008000d4000'

Classes redefined (0 events):
No events

Internal exceptions (20 events):
Event: 6.058 Thread 0x000001cef01d8000 Exception <a 'sun/nio/fs/WindowsException'{0x000000071f46e190}> (0x000000071f46e190) 
thrown [e:\jenkins\tmp\workspace\build\src\src\hotspot\share\prims\jni.cpp, line 516]
Event: 6.058 Thread 0x000001cef01d8000 Exception <a 'sun/nio/fs/WindowsException'{0x000000071f46e550}> (0x000000071f46e550) 
thrown [e:\jenkins\tmp\workspace\build\src\src\hotspot\share\prims\jni.cpp, line 516]
Event: 6.058 Thread 0x000001cef01d8000 Exception <a 'sun/nio/fs/WindowsException'{0x000000071f46ef50}> (0x000000071f46ef50) 
thrown [e:\jenkins\tmp\workspace\build\src\src\hotspot\share\prims\jni.cpp, line 516]
Event: 6.059 Thread 0x000001cef01d8000 Exception <a 'sun/nio/fs/WindowsException'{0x000000071f46f300}> (0x000000071f46f300) 
thrown [e:\jenkins\tmp\workspace\build\src\src\hotspot\share\prims\jni.cpp, line 516]
Event: 6.059 Thread 0x000001cef01d8000 Exception <a 'sun/nio/fs/WindowsException'{0x000000071f46fd00}> (0x000000071f46fd00) 
thrown [e:\jenkins\tmp\workspace\build\src\src\hotspot\share\prims\jni.cpp, line 516]
Event: 6.059 Thread 0x000001cef01d8000 Exception <a 'sun/nio/fs/WindowsException'{0x000000071f4700c0}> (0x000000071f4700c0) 
thrown [e:\jenkins\tmp\workspace\build\src\src\hotspot\share\prims\jni.cpp, line 516]
Event: 6.059 Thread 0x000001cef01d8000 Exception <a 'sun/nio/fs/WindowsException'{0x000000071f470ae8}> (0x000000071f470ae8) 
thrown [e:\jenkins\tmp\workspace\build\src\src\hotspot\share\prims\jni.cpp, line 516]
Event: 6.059 Thread 0x000001cef01d8000 Exception <a 'sun/nio/fs/WindowsException'{0x000000071f470ec8}> (0x000000071f470ec8) 
thrown [e:\jenkins\tmp\workspace\build\src\src\hotspot\share\prims\jni.cpp, line 516]
Event: 6.059 Thread 0x000001cef01d8000 Exception <a 'sun/nio/fs/WindowsException'{0x000000071f471900}> (0x000000071f471900) 
thrown [e:\jenkins\tmp\workspace\build\src\src\hotspot\share\prims\jni.cpp, line 516]
Event: 6.060 Thread 0x000001cef01d8000 Exception <a 'sun/nio/fs/WindowsException'{0x000000071f471cf0}> (0x000000071f471cf0) 
thrown [e:\jenkins\tmp\workspace\build\src\src\hotspot\share\prims\jni.cpp, line 516]
Event: 6.060 Thread 0x000001cef01d8000 Exception <a 'sun/nio/fs/WindowsException'{0x000000071f472718}> (0x000000071f472718) 
thrown [e:\jenkins\tmp\workspace\build\src\src\hotspot\share\prims\jni.cpp, line 516]
Event: 6.060 Thread 0x000001cef01d8000 Exception <a 'sun/nio/fs/WindowsException'{0x000000071f472b08}> (0x000000071f472b08) 
thrown [e:\jenkins\tmp\workspace\build\src\src\hotspot\share\prims\jni.cpp, line 516]
Event: 6.062 Thread 0x000001cef01d9340 Exception <a 'java/lang/NoSuchMethodError'{0x000000071ee6c748}: 'java.lang.Object java.lang.invoke.Invokers$Holder.invoke_MT(java.lang.Object, java.lang.Object, java.lang.Object)'> (0x000000071ee6c748) 
thrown [e:\jenkins\tmp\workspace\build\src\src\hotspot\share\interpreter\linkResolver.cpp, line 766]
Event: 6.168 Thread 0x000001ceed4bce40 Exception <a 'java/lang/NoSuchMethodError'{0x000000071f7654d8}: 'void java.lang.invoke.DirectMethodHandle$Holder.invokeStatic(java.lang.Object, java.lang.Object, java.lang.Object, java.lang.Object, java.lang.Object, java.lang.Object)'> (0x000000071f7654d8) 
thrown [e:\jenkins\tmp\workspace\build\src\src\hotspot\share\interpreter\linkResolver.cpp, line 766]
Event: 6.602 Thread 0x000001ceed6775c0 Exception <a 'java/lang/NullPointerException'{0x000000072edc1e18}> (0x000000072edc1e18) 
thrown [e:\jenkins\tmp\workspace\build\src\src\hotspot\share\interpreter\linkResolver.cpp, line 1357]
Event: 43.187 Thread 0x000001ceed612760 Exception <a 'java/lang/NoSuchMethodError'{0x000000072ea31df0}: 'void java.lang.invoke.DirectMethodHandle$Holder.invokeStatic(java.lang.Object, long)'> (0x000000072ea31df0) 
thrown [e:\jenkins\tmp\workspace\build\src\src\hotspot\share\interpreter\linkResolver.cpp, line 766]
Event: 43.187 Thread 0x000001ceed612760 Exception <a 'java/lang/NoSuchMethodError'{0x000000072ea37198}: 'java.lang.Object java.lang.invoke.DirectMethodHandle$Holder.newInvokeSpecial(java.lang.Object, long)'> (0x000000072ea37198) 
thrown [e:\jenkins\tmp\workspace\build\src\src\hotspot\share\interpreter\linkResolver.cpp, line 766]
Event: 43.188 Thread 0x000001ceed612760 Exception <a 'java/lang/NoSuchMethodError'{0x000000072ea3dcb8}: 'java.lang.Object java.lang.invoke.DirectMethodHandle$Holder.invokeStatic(java.lang.Object, java.lang.Object, long, java.lang.Object)'> (0x000000072ea3dcb8) 
thrown [e:\jenkins\tmp\workspace\build\src\src\hotspot\share\interpreter\linkResolver.cpp, line 766]
Event: 43.188 Thread 0x000001ceed612760 Exception <a 'java/lang/NoSuchMethodError'{0x000000072ea41490}: 'java.lang.Object java.lang.invoke.DirectMethodHandle$Holder.invokeStaticInit(java.lang.Object, java.lang.Object, long, java.lang.Object)'> (0x000000072ea41490) 
thrown [e:\jenkins\tmp\workspace\build\src\src\hotspot\share\interpreter\linkResolver.cpp, line 766]
Event: 43.188 Thread 0x000001ceed612760 Exception <a 'java/lang/NoSuchMethodError'{0x000000072ea477c0}: 'java.lang.Object java.lang.invoke.DirectMethodHandle$Holder.newInvokeSpecial(java.lang.Object, java.lang.Object, long)'> (0x000000072ea477c0) 
thrown [e:\jenkins\tmp\workspace\build\src\src\hotspot\share\interpreter\linkResolver.cpp, line 766]

VM Operations (20 events):
Event: 44176.583 Executing VM operation: G1CollectFull done
Event: 44186.764 Executing VM operation: G1CollectFull
Event: 44186.782 Executing VM operation: G1CollectFull done
Event: 44196.981 Executing VM operation: G1CollectFull
Event: 44196.998 Executing VM operation: G1CollectFull done
Event: 44207.181 Executing VM operation: G1CollectFull
Event: 44207.201 Executing VM operation: G1CollectFull done
Event: 44217.390 Executing VM operation: G1CollectFull
Event: 44217.409 Executing VM operation: G1CollectFull done
Event: 44227.593 Executing VM operation: G1CollectFull
Event: 44227.612 Executing VM operation: G1CollectFull done
Event: 44237.795 Executing VM operation: G1CollectFull
Event: 44237.815 Executing VM operation: G1CollectFull done
Event: 44247.978 Executing VM operation: G1CollectFull
Event: 44247.996 Executing VM operation: G1CollectFull done
Event: 44258.184 Executing VM operation: G1CollectFull
Event: 44258.203 Executing VM operation: G1CollectFull done
Event: 44268.391 Executing VM operation: G1CollectFull
Event: 44268.409 Executing VM operation: G1CollectFull done
Event: 44278.599 Executing VM operation: G1CollectFull

Events (20 events):
Event: 16.605 Thread 0x000001ceec12a7c0 Thread exited: 0x000001ceec12a7c0
Event: 43.180 loading class java/lang/ProcessBuilder
Event: 43.180 loading class java/lang/ProcessBuilder done
Event: 43.180 loading class java/lang/ProcessImpl
Event: 43.180 loading class java/lang/Process
Event: 43.180 loading class java/lang/Process done
Event: 43.180 loading class java/lang/ProcessImpl done
Event: 43.187 loading class java/lang/ProcessHandleImpl
Event: 43.187 loading class java/lang/ProcessHandle
Event: 43.187 loading class java/lang/ProcessHandle done
Event: 43.187 loading class java/lang/ProcessHandleImpl done
Event: 43.188 loading class java/lang/ProcessImpl$2
Event: 43.188 loading class java/lang/ProcessImpl$2 done
Event: 43.188 loading class java/lang/Process$PipeInputStream
Event: 43.189 loading class java/lang/Process$PipeInputStream done
Event: 43.189 loading class jdk/internal/event/ProcessStartEvent
Event: 43.189 loading class jdk/internal/event/ProcessStartEvent done
Event: 43.408 loading class java/io/FileOutputStream$1
Event: 43.408 loading class java/io/FileOutputStream$1 done
Event: 66.616 Thread 0x000001ceed4bce40 Thread exited: 0x000001ceed4bce40


Dynamic libraries:
0x00007ff643210000 - 0x00007ff64321e000 	c:\Users\86132\.vscode\extensions\redhat.java-1.7.0-win32-x64\jre\17.0.3-win32-x86_64\bin\java.exe
0x00007ffc99cb0000 - 0x00007ffc99ea5000 	C:\WINDOWS\SYSTEM32\ntdll.dll
0x00007ffc980d0000 - 0x00007ffc9818d000 	C:\WINDOWS\System32\KERNEL32.DLL
0x00007ffc973c0000 - 0x00007ffc9768d000 	C:\WINDOWS\System32\KERNELBASE.dll
0x00007ffc97690000 - 0x00007ffc97790000 	C:\WINDOWS\System32\ucrtbase.dll
0x00007ffc79f80000 - 0x00007ffc79f98000 	c:\Users\86132\.vscode\extensions\redhat.java-1.7.0-win32-x64\jre\17.0.3-win32-x86_64\bin\jli.dll
0x00007ffc985b0000 - 0x00007ffc98750000 	C:\WINDOWS\System32\USER32.dll
0x00007ffc97b40000 - 0x00007ffc97b62000 	C:\WINDOWS\System32\win32u.dll
0x00007ffc994e0000 - 0x00007ffc9950a000 	C:\WINDOWS\System32\GDI32.dll
0x00007ffc97990000 - 0x00007ffc97a9b000 	C:\WINDOWS\System32\gdi32full.dll
0x00007ffc97aa0000 - 0x00007ffc97b3d000 	C:\WINDOWS\System32\msvcp_win.dll
0x00007ffc76dd0000 - 0x00007ffc76de9000 	c:\Users\86132\.vscode\extensions\redhat.java-1.7.0-win32-x64\jre\17.0.3-win32-x86_64\bin\VCRUNTIME140.dll
0x00007ffc7f9b0000 - 0x00007ffc7fc4a000 	C:\WINDOWS\WinSxS\amd64_microsoft.windows.common-controls_6595b64144ccf1df_6.0.19041.1110_none_60b5254171f9507e\COMCTL32.dll
0x00007ffc97d00000 - 0x00007ffc97d9e000 	C:\WINDOWS\System32\msvcrt.dll
0x00007ffc98750000 - 0x00007ffc98780000 	C:\WINDOWS\System32\IMM32.DLL
0x00007ffc92910000 - 0x00007ffc9291c000 	c:\Users\86132\.vscode\extensions\redhat.java-1.7.0-win32-x64\jre\17.0.3-win32-x86_64\bin\vcruntime140_1.dll
0x00007ffc49a40000 - 0x00007ffc49ad1000 	c:\Users\86132\.vscode\extensions\redhat.java-1.7.0-win32-x64\jre\17.0.3-win32-x86_64\bin\msvcp140.dll
0x00007ffc3d1f0000 - 0x00007ffc3de38000 	c:\Users\86132\.vscode\extensions\redhat.java-1.7.0-win32-x64\jre\17.0.3-win32-x86_64\bin\server\jvm.dll
0x00007ffc98780000 - 0x00007ffc9882e000 	C:\WINDOWS\System32\ADVAPI32.dll
0x00007ffc99440000 - 0x00007ffc994dc000 	C:\WINDOWS\System32\sechost.dll
0x00007ffc97fa0000 - 0x00007ffc980c5000 	C:\WINDOWS\System32\RPCRT4.dll
0x00007ffc98830000 - 0x00007ffc98838000 	C:\WINDOWS\System32\PSAPI.DLL
0x00007ffc88c10000 - 0x00007ffc88c19000 	C:\WINDOWS\SYSTEM32\WSOCK32.dll
0x00007ffc8d040000 - 0x00007ffc8d067000 	C:\WINDOWS\SYSTEM32\WINMM.dll
0x00007ffc988e0000 - 0x00007ffc9894b000 	C:\WINDOWS\System32\WS2_32.dll
0x00007ffc8d030000 - 0x00007ffc8d03a000 	C:\WINDOWS\SYSTEM32\VERSION.dll
0x00007ffc95c50000 - 0x00007ffc95c62000 	C:\WINDOWS\SYSTEM32\kernel.appcore.dll
0x00007ffc87cb0000 - 0x00007ffc87cba000 	c:\Users\86132\.vscode\extensions\redhat.java-1.7.0-win32-x64\jre\17.0.3-win32-x86_64\bin\jimage.dll
0x00007ffc95810000 - 0x00007ffc959f4000 	C:\WINDOWS\SYSTEM32\DBGHELP.DLL
0x00007ffc870d0000 - 0x00007ffc870fc000 	C:\WINDOWS\SYSTEM32\dbgcore.DLL
0x00007ffc97b70000 - 0x00007ffc97bf2000 	C:\WINDOWS\System32\bcryptPrimitives.dll
0x00007ffc76090000 - 0x00007ffc760b5000 	c:\Users\86132\.vscode\extensions\redhat.java-1.7.0-win32-x64\jre\17.0.3-win32-x86_64\bin\java.dll
0x00007ffc761c0000 - 0x00007ffc761d8000 	c:\Users\86132\.vscode\extensions\redhat.java-1.7.0-win32-x64\jre\17.0.3-win32-x86_64\bin\zip.dll
0x00007ffc98a10000 - 0x00007ffc99154000 	C:\WINDOWS\System32\SHELL32.dll
0x00007ffc94fb0000 - 0x00007ffc95744000 	C:\WINDOWS\SYSTEM32\windows.storage.dll
0x00007ffc981f0000 - 0x00007ffc98544000 	C:\WINDOWS\System32\combase.dll
0x00007ffc96db0000 - 0x00007ffc96ddc000 	C:\WINDOWS\SYSTEM32\Wldp.dll
0x00007ffc98960000 - 0x00007ffc98a0d000 	C:\WINDOWS\System32\SHCORE.dll
0x00007ffc995b0000 - 0x00007ffc99605000 	C:\WINDOWS\System32\shlwapi.dll
0x00007ffc97300000 - 0x00007ffc9731f000 	C:\WINDOWS\SYSTEM32\profapi.dll
0x00007ffc73b80000 - 0x00007ffc73b99000 	C:\Users\86132\.vscode\extensions\redhat.java-1.7.0-win32-x64\jre\17.0.3-win32-x86_64\bin\net.dll
0x00007ffc91b30000 - 0x00007ffc91c3a000 	C:\WINDOWS\SYSTEM32\WINHTTP.dll
0x00007ffc96ab0000 - 0x00007ffc96b1a000 	C:\WINDOWS\system32\mswsock.dll
0x00007ffc73b60000 - 0x00007ffc73b75000 	C:\Users\86132\.vscode\extensions\redhat.java-1.7.0-win32-x64\jre\17.0.3-win32-x86_64\bin\nio.dll
0x00007ffc87910000 - 0x00007ffc87920000 	c:\Users\86132\.vscode\extensions\redhat.java-1.7.0-win32-x64\jre\17.0.3-win32-x86_64\bin\verify.dll
0x00007ffc7dfd0000 - 0x00007ffc7dfd9000 	C:\Users\86132\.vscode\extensions\redhat.java-1.7.0-win32-x64\jre\17.0.3-win32-x86_64\bin\management.dll
0x00007ffc7dc90000 - 0x00007ffc7dc9b000 	C:\Users\86132\.vscode\extensions\redhat.java-1.7.0-win32-x64\jre\17.0.3-win32-x86_64\bin\management_ext.dll
0x00007ffc3f710000 - 0x00007ffc3f727000 	C:\WINDOWS\system32\napinsp.dll
0x00007ffc3f6f0000 - 0x00007ffc3f70b000 	C:\WINDOWS\system32\pnrpnsp.dll
0x00007ffc91c60000 - 0x00007ffc91c75000 	C:\WINDOWS\system32\wshbth.dll
0x00007ffc92390000 - 0x00007ffc923ad000 	C:\WINDOWS\system32\NLAapi.dll
0x00007ffc967a0000 - 0x00007ffc967db000 	C:\WINDOWS\SYSTEM32\IPHLPAPI.DLL
0x00007ffc967e0000 - 0x00007ffc968ab000 	C:\WINDOWS\SYSTEM32\DNSAPI.dll
0x00007ffc98950000 - 0x00007ffc98958000 	C:\WINDOWS\System32\NSI.dll
0x00007ffc3f6d0000 - 0x00007ffc3f6e2000 	C:\WINDOWS\System32\winrnr.dll
0x00007ffc8cfa0000 - 0x00007ffc8cfaa000 	C:\Windows\System32\rasadhlp.dll
0x00007ffc8af70000 - 0x00007ffc8aff0000 	C:\WINDOWS\System32\fwpuclnt.dll
0x00007ffc97960000 - 0x00007ffc97987000 	C:\WINDOWS\System32\bcrypt.dll
0x00007ffc96d00000 - 0x00007ffc96d18000 	C:\WINDOWS\SYSTEM32\CRYPTSP.dll
0x00007ffc96430000 - 0x00007ffc96464000 	C:\WINDOWS\system32\rsaenh.dll
0x00007ffc97280000 - 0x00007ffc972ae000 	C:\WINDOWS\SYSTEM32\USERENV.dll
0x00007ffc96d20000 - 0x00007ffc96d2c000 	C:\WINDOWS\SYSTEM32\CRYPTBASE.dll
0x00007ffc8feb0000 - 0x00007ffc8fec7000 	C:\WINDOWS\SYSTEM32\dhcpcsvc6.DLL
0x00007ffc8f6c0000 - 0x00007ffc8f6dd000 	C:\WINDOWS\SYSTEM32\dhcpcsvc.DLL

dbghelp: loaded successfully - version: 4.0.5 - missing functions: none
symbol engine: initialized successfully - sym options: 0x614 - pdb path: .;c:\Users\86132\.vscode\extensions\redhat.java-1.7.0-win32-x64\jre\17.0.3-win32-x86_64\bin;C:\WINDOWS\SYSTEM32;C:\WINDOWS\WinSxS\amd64_microsoft.windows.common-controls_6595b64144ccf1df_6.0.19041.1110_none_60b5254171f9507e;c:\Users\86132\.vscode\extensions\redhat.java-1.7.0-win32-x64\jre\17.0.3-win32-x86_64\bin\server

VM Arguments:
jvm_args: --add-modules=ALL-SYSTEM --add-exports=jdk.compiler/com.sun.tools.javac.file=ALL-UNNAMED --add-exports=jdk.compiler/com.sun.tools.javac.util=ALL-UNNAMED --add-exports=jdk.compiler/com.sun.tools.javac.comp=ALL-UNNAMED --add-exports=jdk.compiler/com.sun.tools.javac.main=ALL-UNNAMED --add-exports=jdk.compiler/com.sun.tools.javac.tree=ALL-UNNAMED --add-exports=jdk.compiler/com.sun.tools.javac.code=ALL-UNNAMED -Dsts.lsp.client=vscode -Dsts.log.file=/dev/null -XX:TieredStopAtLevel=1 -Dspring.config.location=file:c:\Users\86132\.vscode\extensions\pivotal.vscode-spring-boot-1.36.0\language-server\BOOT-INF\classes\application.properties 
java_command: org.springframework.ide.vscode.boot.app.BootLanguageServerBootApp
java_class_path (initial): c:\Users\86132\.vscode\extensions\pivotal.vscode-spring-boot-1.36.0\language-server\BOOT-INF\classes;c:\Users\86132\.vscode\extensions\pivotal.vscode-spring-boot-1.36.0\language-server\BOOT-INF\lib\annotations-23.0.0.jar;c:\Users\86132\.vscode\extensions\pivotal.vscode-spring-boot-1.36.0\language-server\BOOT-INF\lib\antlr-runtime-3.5.2.jar;c:\Users\86132\.vscode\extensions\pivotal.vscode-spring-boot-1.36.0\language-server\BOOT-INF\lib\antlr4-4.9.3.jar;c:\Users\86132\.vscode\extensions\pivotal.vscode-spring-boot-1.36.0\language-server\BOOT-INF\lib\antlr4-runtime-4.9.3.jar;c:\Users\86132\.vscode\extensions\pivotal.vscode-spring-boot-1.36.0\language-server\BOOT-INF\lib\asm-9.3.jar;c:\Users\86132\.vscode\extensions\pivotal.vscode-spring-boot-1.36.0\language-server\BOOT-INF\lib\asm-analysis-9.3.jar;c:\Users\86132\.vscode\extensions\pivotal.vscode-spring-boot-1.36.0\language-server\BOOT-INF\lib\asm-tree-9.3.jar;c:\Users\86132\.vscode\extensions\pivotal.vscode-spring-boot-1.36.0\language-server\BOOT-INF\lib\asm-util-9.3.jar;c:\Users\86132\.vscode\extensions\pivotal.vscode-spring-boot-1.36.0\language-server\BOOT-INF\lib\byte-buddy-1.10.18.jar;c:\Users\86132\.vscode\extensions\pivotal.vscode-spring-boot-1.36.0\language-server\BOOT-INF\lib\caffeine-2.8.6.jar;c:\Users\86132\.vscode\extensions\pivotal.vscode-spring-boot-1.36.0\language-server\BOOT-INF\lib\checker-qual-3.12.0.jar;c:\Users\86132\.vscode\extensions\pivotal.vscode-spring-boot-1.36.0\language-server\BOOT-INF\lib\classgraph-4.8.146.jar;c:\Users\86132\.vscode\extensions\pivotal.vscode-spring-boot-1.36.0\language-server\BOOT-INF\lib\commons-codec-1.14.jar;c:\Users\86132\.vscode\extensions\pivotal.vscode-spring-boot-1.36.0\language-server\BOOT-INF\lib\commons-compress-1.21.jar;c:\Users\86132\.vscode\extensions\pivotal.vscode-spring-boot-1.36.0\language-server\BOOT-INF\lib\commons-exec-1.3.jar;c:\Users\86132\.vscode\extensions\pivotal.vscode-spring-boot-1.36.0\language-server\BOOT-INF\lib\com
Launcher Type: SUN_STANDARD

[Global flags]
     intx CICompilerCount                          = 4                                         {product} {ergonomic}
     uint ConcGCThreads                            = 3                                         {product} {ergonomic}
     uint G1ConcRefinementThreads                  = 10                                        {product} {ergonomic}
   size_t G1HeapRegionSize                         = 2097152                                   {product} {ergonomic}
    uintx GCDrainStackTargetSize                   = 64                                        {product} {ergonomic}
   size_t InitialHeapSize                          = 257949696                                 {product} {ergonomic}
   size_t MarkStackSize                            = 4194304                                   {product} {ergonomic}
   size_t MaxHeapSize                              = 4127195136                                {product} {ergonomic}
   size_t MaxNewSize                               = 2474639360                                {product} {ergonomic}
   size_t MinHeapDeltaBytes                        = 2097152                                   {product} {ergonomic}
   size_t MinHeapSize                              = 8388608                                   {product} {ergonomic}
    uintx NonProfiledCodeHeapSize                  = 0                                      {pd product} {ergonomic}
     bool ProfileInterpreter                       = false                                  {pd product} {command line}
    uintx ProfiledCodeHeapSize                     = 0                                      {pd product} {ergonomic}
   size_t SoftMaxHeapSize                          = 4127195136                             {manageable} {ergonomic}
     intx TieredStopAtLevel                        = 1                                         {product} {command line}
     bool UseCompressedClassPointers               = true                           {product lp64_product} {ergonomic}
     bool UseCompressedOops                        = true                           {product lp64_product} {ergonomic}
     bool UseG1GC                                  = true                                      {product} {ergonomic}
     bool UseLargePagesIndividualAllocation        = false                                  {pd product} {ergonomic}

Logging:
Log output configuration:
 #0: stdout all=warning uptime,level,tags
 #1: stderr all=off uptime,level,tags

Environment Variables:
JAVA_HOME=D:\Environment\Java\jdk1.8.0_311
CLASSPATH=.;D:\Environment\Java\jdk1.8.0_311\lib\dt.jar;D:\Environment\Java\jdk1.8.0_311\lib\tools.jar; 
PATH=D:\Environment\VMware\VM\bin\;D:\Environment\pycharm\Scripts\;D:\Environment\pycharm\;D:\Environment\Java\jdk1.8.0_311\bin;D:\Environment\Java\jdk1.8.0_311\jre\bin;C:\Program Files (x86)\Common Files\Oracle\Java\javapath;C:\WINDOWS\system32;C:\WINDOWS;C:\WINDOWS\System32\Wbem;C:\WINDOWS\System32\WindowsPowerShell\v1.0\;C:\WINDOWS\System32\OpenSSH\;D:\Environment\Git\cmd;D:\Environment\VMware\Xshell\;D:\Environment\VMware\;D:\Environment\MinGW\bin\;D:\Environment\maven\apache-maven-3.6.3\bin;D:\Environment\hadoop\hadoop-2.9.2\bin;C:\Program Files\Microsoft SQL Server\150\Tools\Binn\;C:\Program Files\Microsoft SQL Server\Client SDK\ODBC\170\Tools\Binn\;C:\Program Files\dotnet\;D:\nvm;D:\nodejs;C:\\Users\\86132\\AppData\\Roaming\\npm;C:\Program Files (x86)\Microsoft SQL Server\150\Tools\Binn\;C:\Program Files\Microsoft SQL Server\150\DTS\Binn\;C:\Program Files (x86)\Microsoft SQL Server\150\DTS\Binn\;C:\Program Files\Azure Data Studio\bin;C:\Users\86132\AppData\Local\Microsoft\WindowsApps;D:\86132\google\;D:\Environment\pycharm\PyCharm Community Edition 2021.2.2\bin;;D:\Environment\mysql\mysql-5.7.35-winx64\bin;D:\Environment\Microsoft VS Code\bin;C:\Users\86132\.dotnet\tools;D:\nvm;D:\nodejs;C:\Program Files\Azure Data Studio\bin;C:\Program Files\Azure Data Studio\bin;C:\Program Files\Azure Data Studio\bin
USERNAME=86132
OS=Windows_NT
PROCESSOR_IDENTIFIER=AMD64 Family 23 Model 96 Stepping 1, AuthenticAMD



---------------  S Y S T E M  ---------------

OS:
 Windows 10 , 64 bit Build 19041 (10.0.19041.1706)
OS uptime: 1 days 10:32 hours

CPU: total 12 (initial active 12) (12 cores per cpu, 2 threads per core) family 23 model 96 stepping 1 microcode 0x0, cx8, cmov, fxsr, ht, mmx, 3dnowpref, sse, sse2, sse3, ssse3, sse4a, sse4.1, sse4.2, popcnt, lzcnt, tsc, tscinvbit, avx, avx2, aes, clmul, bmi1, bmi2, adx, sha, fma, vzeroupper, clflush, clflushopt

Memory: 4k page, system-wide physical 15741M (6780M free)
TotalPageFile size 16141M (AvailPageFile size 6M)
current process WorkingSet (physical memory assigned to process): 62M, peak: 795M
current process commit charge ("private bytes"): 229M, peak: 873M

vm_info: OpenJDK 64-Bit Server VM (17.0.3+7) for windows-amd64 JRE (17.0.3+7), built on Apr 19 2022 16:55:35 by "" with MS VC++ 16.7 (VS2019)

END.
